{"total": {"lines":{"total":115,"covered":108,"skipped":0,"pct":93.91},"statements":{"total":123,"covered":114,"skipped":0,"pct":92.68},"functions":{"total":40,"covered":37,"skipped":0,"pct":92.5},"branches":{"total":43,"covered":34,"skipped":0,"pct":79.06},"branchesTrue":{"total":0,"covered":0,"skipped":0,"pct":100}}
,"C:\\Users\\him\\OneDrive\\Documents\\git\\ImbellaAssignment\\contexts.ts": {"lines":{"total":4,"covered":4,"skipped":0,"pct":100},"functions":{"total":1,"covered":0,"skipped":0,"pct":0},"statements":{"total":5,"covered":4,"skipped":0,"pct":80},"branches":{"total":0,"covered":0,"skipped":0,"pct":100}}
,"C:\\Users\\him\\OneDrive\\Documents\\git\\ImbellaAssignment\\src\\index.tsx": {"lines":{"total":25,"covered":22,"skipped":0,"pct":88},"functions":{"total":5,"covered":4,"skipped":0,"pct":80},"statements":{"total":25,"covered":22,"skipped":0,"pct":88},"branches":{"total":14,"covered":10,"skipped":0,"pct":71.42}}
,"C:\\Users\\him\\OneDrive\\Documents\\git\\ImbellaAssignment\\src\\styles.ts": {"lines":{"total":0,"covered":0,"skipped":0,"pct":100},"functions":{"total":0,"covered":0,"skipped":0,"pct":100},"statements":{"total":0,"covered":0,"skipped":0,"pct":100},"branches":{"total":0,"covered":0,"skipped":0,"pct":100}}
,"C:\\Users\\him\\OneDrive\\Documents\\git\\ImbellaAssignment\\src\\blocks\\index.tsx": {"lines":{"total":0,"covered":0,"skipped":0,"pct":100},"functions":{"total":0,"covered":0,"skipped":0,"pct":100},"statements":{"total":0,"covered":0,"skipped":0,"pct":100},"branches":{"total":0,"covered":0,"skipped":0,"pct":100}}
,"C:\\Users\\him\\OneDrive\\Documents\\git\\ImbellaAssignment\\src\\blocks\\Button\\index.tsx": {"lines":{"total":2,"covered":2,"skipped":0,"pct":100},"functions":{"total":2,"covered":2,"skipped":0,"pct":100},"statements":{"total":3,"covered":3,"skipped":0,"pct":100},"branches":{"total":0,"covered":0,"skipped":0,"pct":100}}
,"C:\\Users\\him\\OneDrive\\Documents\\git\\ImbellaAssignment\\src\\blocks\\GenericText\\index.tsx": {"lines":{"total":3,"covered":3,"skipped":0,"pct":100},"functions":{"total":1,"covered":1,"skipped":0,"pct":100},"statements":{"total":3,"covered":3,"skipped":0,"pct":100},"branches":{"total":6,"covered":6,"skipped":0,"pct":100}}
,"C:\\Users\\him\\OneDrive\\Documents\\git\\ImbellaAssignment\\src\\blocks\\ProductList\\index.tsx": {"lines":{"total":19,"covered":18,"skipped":0,"pct":94.73},"functions":{"total":10,"covered":10,"skipped":0,"pct":100},"statements":{"total":22,"covered":21,"skipped":0,"pct":95.45},"branches":{"total":4,"covered":3,"skipped":0,"pct":75}}
,"C:\\Users\\him\\OneDrive\\Documents\\git\\ImbellaAssignment\\src\\components\\index.tsx": {"lines":{"total":0,"covered":0,"skipped":0,"pct":100},"functions":{"total":0,"covered":0,"skipped":0,"pct":100},"statements":{"total":0,"covered":0,"skipped":0,"pct":100},"branches":{"total":0,"covered":0,"skipped":0,"pct":100}}
,"C:\\Users\\him\\OneDrive\\Documents\\git\\ImbellaAssignment\\src\\components\\ProductGrid\\index.tsx": {"lines":{"total":11,"covered":11,"skipped":0,"pct":100},"functions":{"total":5,"covered":5,"skipped":0,"pct":100},"statements":{"total":12,"covered":12,"skipped":0,"pct":100},"branches":{"total":2,"covered":2,"skipped":0,"pct":100}}
,"C:\\Users\\him\\OneDrive\\Documents\\git\\ImbellaAssignment\\src\\components\\ProductGrid\\styles.ts": {"lines":{"total":0,"covered":0,"skipped":0,"pct":100},"functions":{"total":0,"covered":0,"skipped":0,"pct":100},"statements":{"total":0,"covered":0,"skipped":0,"pct":100},"branches":{"total":0,"covered":0,"skipped":0,"pct":100}}
,"C:\\Users\\him\\OneDrive\\Documents\\git\\ImbellaAssignment\\src\\interfaces\\ComponentIdentification.ts": {"lines":{"total":0,"covered":0,"skipped":0,"pct":100},"functions":{"total":0,"covered":0,"skipped":0,"pct":100},"statements":{"total":0,"covered":0,"skipped":0,"pct":100},"branches":{"total":0,"covered":0,"skipped":0,"pct":100}}
,"C:\\Users\\him\\OneDrive\\Documents\\git\\ImbellaAssignment\\src\\stories\\index.tsx": {"lines":{"total":0,"covered":0,"skipped":0,"pct":100},"functions":{"total":0,"covered":0,"skipped":0,"pct":100},"statements":{"total":0,"covered":0,"skipped":0,"pct":100},"branches":{"total":0,"covered":0,"skipped":0,"pct":100}}
,"C:\\Users\\him\\OneDrive\\Documents\\git\\ImbellaAssignment\\src\\stories\\Page\\index.tsx": {"lines":{"total":2,"covered":2,"skipped":0,"pct":100},"functions":{"total":2,"covered":2,"skipped":0,"pct":100},"statements":{"total":2,"covered":2,"skipped":0,"pct":100},"branches":{"total":0,"covered":0,"skipped":0,"pct":100}}
,"C:\\Users\\him\\OneDrive\\Documents\\git\\ImbellaAssignment\\src\\stories\\Product\\index.tsx": {"lines":{"total":1,"covered":1,"skipped":0,"pct":100},"functions":{"total":1,"covered":1,"skipped":0,"pct":100},"statements":{"total":1,"covered":1,"skipped":0,"pct":100},"branches":{"total":0,"covered":0,"skipped":0,"pct":100}}
,"C:\\Users\\him\\OneDrive\\Documents\\git\\ImbellaAssignment\\src\\stories\\Product\\styles.ts": {"lines":{"total":0,"covered":0,"skipped":0,"pct":100},"functions":{"total":0,"covered":0,"skipped":0,"pct":100},"statements":{"total":0,"covered":0,"skipped":0,"pct":100},"branches":{"total":0,"covered":0,"skipped":0,"pct":100}}
,"C:\\Users\\him\\OneDrive\\Documents\\git\\ImbellaAssignment\\src\\stories\\Search\\index.tsx": {"lines":{"total":19,"covered":18,"skipped":0,"pct":94.73},"functions":{"total":5,"covered":5,"skipped":0,"pct":100},"statements":{"total":20,"covered":19,"skipped":0,"pct":95},"branches":{"total":6,"covered":5,"skipped":0,"pct":83.33}}
,"C:\\Users\\him\\OneDrive\\Documents\\git\\ImbellaAssignment\\src\\stories\\Search\\styles.ts": {"lines":{"total":0,"covered":0,"skipped":0,"pct":100},"functions":{"total":0,"covered":0,"skipped":0,"pct":100},"statements":{"total":0,"covered":0,"skipped":0,"pct":100},"branches":{"total":0,"covered":0,"skipped":0,"pct":100}}
,"C:\\Users\\him\\OneDrive\\Documents\\git\\ImbellaAssignment\\src\\stories\\TopBar\\index.tsx": {"lines":{"total":15,"covered":15,"skipped":0,"pct":100},"functions":{"total":6,"covered":5,"skipped":0,"pct":83.33},"statements":{"total":16,"covered":15,"skipped":0,"pct":93.75},"branches":{"total":4,"covered":3,"skipped":0,"pct":75}}
,"C:\\Users\\him\\OneDrive\\Documents\\git\\ImbellaAssignment\\src\\util\\componentMap.tsx": {"lines":{"total":5,"covered":4,"skipped":0,"pct":80},"functions":{"total":1,"covered":1,"skipped":0,"pct":100},"statements":{"total":5,"covered":4,"skipped":0,"pct":80},"branches":{"total":2,"covered":1,"skipped":0,"pct":50}}
,"C:\\Users\\him\\OneDrive\\Documents\\git\\ImbellaAssignment\\src\\util\\fetchComponent.ts": {"lines":{"total":5,"covered":4,"skipped":0,"pct":80},"functions":{"total":1,"covered":1,"skipped":0,"pct":100},"statements":{"total":5,"covered":4,"skipped":0,"pct":80},"branches":{"total":5,"covered":4,"skipped":0,"pct":80}}
,"C:\\Users\\him\\OneDrive\\Documents\\git\\ImbellaAssignment\\test\\sampleData.ts": {"lines":{"total":4,"covered":4,"skipped":0,"pct":100},"functions":{"total":0,"covered":0,"skipped":0,"pct":100},"statements":{"total":4,"covered":4,"skipped":0,"pct":100},"branches":{"total":0,"covered":0,"skipped":0,"pct":100}}
}
